<?xml version="1.0" encoding="UTF-8"?>
<testsuites name="jest tests" tests="204" failures="0" errors="0" time="14.613">
  <testsuite name="Link" errors="0" failures="0" skipped="0" timestamp="2025-01-16T20:34:12" time="1.63" tests="7">
    <testcase classname="Link renders regular style link" name="Link renders regular style link" time="0.07">
    </testcase>
    <testcase classname="Link renders regular link with emphasis" name="Link renders regular link with emphasis" time="0.013">
    </testcase>
    <testcase classname="Link renders Title link" name="Link renders Title link" time="0.01">
    </testcase>
    <testcase classname="Link renders Card Action link" name="Link renders Card Action link" time="0.039">
    </testcase>
    <testcase classname="Link renders Small link - Footer Blue" name="Link renders Small link - Footer Blue" time="0.025">
    </testcase>
    <testcase classname="Link renders breadcrumb link" name="Link renders breadcrumb link" time="0.011">
    </testcase>
    <testcase classname="Link has no a11y violations" name="Link has no a11y violations" time="0.1">
    </testcase>
  </testsuite>
  <testsuite name="report a problem api" errors="0" failures="0" skipped="0" timestamp="2025-01-16T20:34:14" time="0.405" tests="5">
    <testcase classname="report a problem api returns a 200 response when notify returns 201 response" name="report a problem api returns a 200 response when notify returns 201 response" time="0.003">
    </testcase>
    <testcase classname="report a problem api returns a 200 response when report a problem is not enabled without calling notify" name="report a problem api returns a 200 response when report a problem is not enabled without calling notify" time="0.001">
    </testcase>
    <testcase classname="report a problem api returns a 500 response for any other status code" name="report a problem api returns a 500 response for any other status code" time="0">
    </testcase>
    <testcase classname="report a problem api returns a 500 response when an error is thrown by submitEmail" name="report a problem api returns a 500 response when an error is thrown by submitEmail" time="0.001">
    </testcase>
    <testcase classname="report a problem api does not call submitEmail when data submitted does not have more than one key" name="report a problem api does not call submitEmail when data submitted does not have more than one key" time="0.001">
    </testcase>
  </testsuite>
  <testsuite name="FragmentRender" errors="0" failures="0" skipped="0" timestamp="2025-01-16T20:34:12" time="2.353" tests="11">
    <testcase classname="FragmentRender Basic Rendering renders nothing when fragments array is empty" name="FragmentRender Basic Rendering renders nothing when fragments array is empty" time="0.023">
    </testcase>
    <testcase classname="FragmentRender Basic Rendering renders single fragment correctly" name="FragmentRender Basic Rendering renders single fragment correctly" time="0.07">
    </testcase>
    <testcase classname="FragmentRender Basic Rendering renders multiple fragments in order" name="FragmentRender Basic Rendering renders multiple fragments in order" time="0.054">
    </testcase>
    <testcase classname="FragmentRender Localization renders English content when locale is en" name="FragmentRender Localization renders English content when locale is en" time="0.007">
    </testcase>
    <testcase classname="FragmentRender Localization renders French content when locale is fr" name="FragmentRender Localization renders French content when locale is fr" time="0.005">
    </testcase>
    <testcase classname="FragmentRender Error Handling handles missing fragment configs gracefully" name="FragmentRender Error Handling handles missing fragment configs gracefully" time="0.002">
    </testcase>
    <testcase classname="FragmentRender Error Handling handles null/undefined fragments gracefully" name="FragmentRender Error Handling handles null/undefined fragments gracefully" time="0.005">
    </testcase>
    <testcase classname="FragmentRender Error Handling handles mapper errors gracefully" name="FragmentRender Error Handling handles mapper errors gracefully" time="0.016">
    </testcase>
    <testcase classname="FragmentRender Error Handling validates required fields" name="FragmentRender Error Handling validates required fields" time="0.01">
    </testcase>
    <testcase classname="FragmentRender Props Handling respects excludeH1 prop" name="FragmentRender Props Handling respects excludeH1 prop" time="0.01">
    </testcase>
    <testcase classname="FragmentRender Props Handling handles missing optional props" name="FragmentRender Props Handling handles missing optional props" time="0.014">
    </testcase>
  </testsuite>
  <testsuite name="DSButton" errors="0" failures="0" skipped="0" timestamp="2025-01-16T20:34:14" time="0.64" tests="5">
    <testcase classname="DSButton renders supertask" name="DSButton renders supertask" time="0.114">
    </testcase>
    <testcase classname="DSButton renders primary" name="DSButton renders primary" time="0.055">
    </testcase>
    <testcase classname="DSButton renders secondary" name="DSButton renders secondary" time="0.057">
    </testcase>
    <testcase classname="DSButton renders danger" name="DSButton renders danger" time="0.049">
    </testcase>
    <testcase classname="DSButton renders link styles as button" name="DSButton renders link styles as button" time="0.041">
    </testcase>
  </testsuite>
  <testsuite name="Error page" errors="0" failures="0" skipped="2" timestamp="2025-01-16T20:34:15" time="0.216" tests="5">
    <testcase classname="Error page renders the page" name="Error page renders the page" time="0">
      <skipped/>
    </testcase>
    <testcase classname="Error page renders default title and message" name="Error page renders default title and message" time="0">
      <skipped/>
    </testcase>
    <testcase classname="Error page renders custom title" name="Error page renders custom title" time="0.007">
    </testcase>
    <testcase classname="Error page renders custom message" name="Error page renders custom message" time="0.001">
    </testcase>
    <testcase classname="Error page renders the status code if it&apos;s passed in" name="Error page renders the status code if it&apos;s passed in" time="0.001">
    </testcase>
  </testsuite>
  <testsuite name="RadioButton" errors="0" failures="0" skipped="0" timestamp="2025-01-16T20:34:15" time="0.587" tests="7">
    <testcase classname="RadioButton renders in unchecked state and fires event when clicked" name="RadioButton renders in unchecked state and fires event when clicked" time="0.016">
    </testcase>
    <testcase classname="RadioButton renders in unchecked state and fires event on Enter key up" name="RadioButton renders in unchecked state and fires event on Enter key up" time="0.006">
    </testcase>
    <testcase classname="RadioButton renders uncontrolled component and gets checked when clicked" name="RadioButton renders uncontrolled component and gets checked when clicked" time="0.006">
    </testcase>
    <testcase classname="RadioButton renders button with rounded front" name="RadioButton renders button with rounded front" time="0.003">
    </testcase>
    <testcase classname="RadioButton renders button with rounded back" name="RadioButton renders button with rounded back" time="0.006">
    </testcase>
    <testcase classname="RadioButton expect unchecked state to have no accessibility violations" name="RadioButton expect unchecked state to have no accessibility violations" time="0.124">
    </testcase>
    <testcase classname="RadioButton expect checked state to have no accessibility violations" name="RadioButton expect checked state to have no accessibility violations" time="0.028">
    </testcase>
  </testsuite>
  <testsuite name="FragmentRender" errors="0" failures="0" skipped="0" timestamp="2025-01-16T20:34:12" time="3.798" tests="7">
    <testcase classname="FragmentRender renders ArticleCTA component" name="FragmentRender renders ArticleCTA component" time="0.278">
    </testcase>
    <testcase classname="FragmentRender renders TextWithImage component" name="FragmentRender renders TextWithImage component" time="0.236">
    </testcase>
    <testcase classname="FragmentRender renders TextWithImageCollapse component" name="FragmentRender renders TextWithImageCollapse component" time="0.208">
    </testcase>
    <testcase classname="FragmentRender renders QuoteVerticalLineContent component" name="FragmentRender renders QuoteVerticalLineContent component" time="0.068">
    </testcase>
    <testcase classname="FragmentRender renders Button component" name="FragmentRender renders Button component" time="0.046">
    </testcase>
    <testcase classname="FragmentRender renders TextContent component" name="FragmentRender renders TextContent component" time="0.034">
    </testcase>
    <testcase classname="FragmentRender renders ImageWithCollapse component" name="FragmentRender renders ImageWithCollapse component" time="0.152">
    </testcase>
  </testsuite>
  <testsuite name="reportAProblem/submitEmail" errors="0" failures="0" skipped="0" timestamp="2025-01-16T20:34:16" time="0.213" tests="1">
    <testcase classname="reportAProblem/submitEmail posts data to notify and returns the response" name="reportAProblem/submitEmail posts data to notify and returns the response" time="0.013">
    </testcase>
  </testsuite>
  <testsuite name="Report A Problem" errors="0" failures="0" skipped="0" timestamp="2025-01-16T20:34:15" time="1.8" tests="5">
    <testcase classname="Report A Problem displays error message after submit button is pressed and form is empty" name="Report A Problem displays error message after submit button is pressed and form is empty" time="0.145">
    </testcase>
    <testcase classname="Report A Problem displays thank you message after submit button is pressed and form isn&apos;t empty" name="Report A Problem displays thank you message after submit button is pressed and form isn&apos;t empty" time="0.08">
    </testcase>
    <testcase classname="Report A Problem renders an empty status div before submitting the form" name="Report A Problem renders an empty status div before submitting the form" time="0.023">
    </testcase>
    <testcase classname="Report A Problem no accessibility issues for form" name="Report A Problem no accessibility issues for form" time="0.374">
    </testcase>
    <testcase classname="Report A Problem no accessibility issues for thank you message" name="Report A Problem no accessibility issues for thank you message" time="0.367">
    </testcase>
  </testsuite>
  <testsuite name="OptionalListField" errors="0" failures="0" skipped="0" timestamp="2025-01-16T20:34:16" time="0.847" tests="4">
    <testcase classname="OptionalListField opens and closes list field" name="OptionalListField opens and closes list field" time="0.207">
    </testcase>
    <testcase classname="OptionalListField renders radio input when specified" name="OptionalListField renders radio input when specified" time="0.006">
    </testcase>
    <testcase classname="OptionalListField renders checkbox list when specified" name="OptionalListField renders checkbox list when specified" time="0.111">
    </testcase>
    <testcase classname="OptionalListField renders radio button list when specified" name="OptionalListField renders radio button list when specified" time="0.094">
    </testcase>
  </testsuite>
  <testsuite name="Feeback widget api tests" errors="0" failures="0" skipped="0" timestamp="2025-01-16T20:34:17" time="0.201" tests="3">
    <testcase classname="Feeback widget api tests it should post to GC Notify" name="Feeback widget api tests it should post to GC Notify" time="0.003">
    </testcase>
    <testcase classname="Feeback widget api tests it should error if required field isn&apos;t included" name="Feeback widget api tests it should error if required field isn&apos;t included" time="0.001">
    </testcase>
    <testcase classname="Feeback widget api tests it should error if there was a bad post request" name="Feeback widget api tests it should error if there was a bad post request" time="0.002">
    </testcase>
  </testsuite>
  <testsuite name="Action Button" errors="0" failures="0" skipped="0" timestamp="2025-01-16T20:34:17" time="0.437" tests="7">
    <testcase classname="Action Button renders default" name="Action Button renders default" time="0.014">
    </testcase>
    <testcase classname="Action Button renders with secondary colors" name="Action Button renders with secondary colors" time="0.012">
    </testcase>
    <testcase classname="Action Button renders with tertiary colors" name="Action Button renders with tertiary colors" time="0.006">
    </testcase>
    <testcase classname="Action Button renders disabled" name="Action Button renders disabled" time="0.007">
    </testcase>
    <testcase classname="Action Button renders link styles as button" name="Action Button renders link styles as button" time="0.015">
    </testcase>
    <testcase classname="Action Button click can be executed with spacebar" name="Action Button click can be executed with spacebar" time="0.006">
    </testcase>
    <testcase classname="Action Button has no a11y violations" name="Action Button has no a11y violations" time="0.046">
    </testcase>
  </testsuite>
  <testsuite name="CheckBox" errors="0" failures="0" skipped="0" timestamp="2025-01-16T20:34:18" time="0.407" tests="4">
    <testcase classname="CheckBox renders in an unchecked state" name="CheckBox renders in an unchecked state" time="0.015">
    </testcase>
    <testcase classname="CheckBox renders in a checked state" name="CheckBox renders in a checked state" time="0.005">
    </testcase>
    <testcase classname="CheckBox has no accessibility violations unchecked" name="CheckBox has no accessibility violations unchecked" time="0.053">
    </testcase>
    <testcase classname="CheckBox has no accessibility violations checked" name="CheckBox has no accessibility violations checked" time="0.028">
    </testcase>
  </testsuite>
  <testsuite name="OptionalTextField" errors="0" failures="0" skipped="0" timestamp="2025-01-16T20:34:17" time="0.832" tests="3">
    <testcase classname="OptionalTextField opens and closes text field" name="OptionalTextField opens and closes text field" time="0.198">
    </testcase>
    <testcase classname="OptionalTextField renders radio input when specified" name="OptionalTextField renders radio input when specified" time="0.005">
    </testcase>
    <testcase classname="OptionalTextField renders multitext field when specified" name="OptionalTextField renders multitext field when specified" time="0.153">
    </testcase>
  </testsuite>
  <testsuite name="Layout" errors="0" failures="0" skipped="0" timestamp="2025-01-16T20:34:15" time="3.208" tests="5">
    <testcase classname="Layout renders without the banner" name="Layout renders without the banner" time="0.077">
    </testcase>
    <testcase classname="Layout renders with the banner" name="Layout renders with the banner" time="0.038">
    </testcase>
    <testcase classname="Layout changes the language from French to English when language toggle clicked" name="Layout changes the language from French to English when language toggle clicked" time="0.084">
    </testcase>
    <testcase classname="Layout has no a11y violations" name="Layout has no a11y violations" time="0.925">
    </testcase>
    <testcase classname="Layout has no a11y violations with banner" name="Layout has no a11y violations with banner" time="0.819">
    </testcase>
  </testsuite>
  <testsuite name="TextField" errors="0" failures="0" skipped="0" timestamp="2025-01-16T20:34:18" time="0.366" tests="4">
    <testcase classname="TextField renders text field in primary state" name="TextField renders text field in primary state" time="0.01">
    </testcase>
    <testcase classname="TextField renders text field in uncontrolled state" name="TextField renders text field in uncontrolled state" time="0.003">
    </testcase>
    <testcase classname="TextField renders text field with bold label" name="TextField renders text field with bold label" time="0.005">
    </testcase>
    <testcase classname="TextField has no accessibility violations" name="TextField has no accessibility violations" time="0.061">
    </testcase>
  </testsuite>
  <testsuite name="Collapse component" errors="0" failures="0" skipped="0" timestamp="2025-01-16T20:34:18" time="0.401" tests="2">
    <testcase classname="Collapse component renders Collapse with string content" name="Collapse component renders Collapse with string content" time="0.052">
    </testcase>
    <testcase classname="Collapse component renders Collapse with html content" name="Collapse component renders Collapse with html content" time="0.082">
    </testcase>
  </testsuite>
  <testsuite name="TextWithImage" errors="0" failures="0" skipped="0" timestamp="2025-01-16T20:34:18" time="0.938" tests="3">
    <testcase classname="TextWithImage renders TextWithImage component with default props" name="TextWithImage renders TextWithImage component with default props" time="0.098">
    </testcase>
    <testcase classname="TextWithImage renders TextWithImage component with Vertical props" name="TextWithImage renders TextWithImage component with Vertical props" time="0.006">
    </testcase>
    <testcase classname="TextWithImage renders TextWithImage component with Collapse props" name="TextWithImage renders TextWithImage component with Collapse props" time="0.187">
    </testcase>
  </testsuite>
  <testsuite name="HTMList" errors="0" failures="0" skipped="0" timestamp="2025-01-16T20:34:19" time="0.311" tests="7">
    <testcase classname="HTMList renders a list of 3 items" name="HTMList renders a list of 3 items" time="0.026">
    </testcase>
    <testcase classname="HTMList renders a list of 3 items as an &quot;ul&quot;" name="HTMList renders a list of 3 items as an &quot;ul&quot;" time="0.018">
    </testcase>
    <testcase classname="HTMList renders a list of 3 items as an &quot;ol&quot;" name="HTMList renders a list of 3 items as an &quot;ol&quot;" time="0.011">
    </testcase>
    <testcase classname="HTMList renders a list of 0 items if empty content" name="HTMList renders a list of 0 items if empty content" time="0.002">
    </testcase>
    <testcase classname="HTMList renders a list of 1 item if no asterisk" name="HTMList renders a list of 1 item if no asterisk" time="0.006">
    </testcase>
    <testcase classname="HTMList renders a list of 1 item if 1 asterisk at the start" name="HTMList renders a list of 1 item if 1 asterisk at the start" time="0.006">
    </testcase>
    <testcase classname="HTMList renders a list of 2 items if 1 asterisk in the middle of the string" name="HTMList renders a list of 2 items if 1 asterisk in the middle of the string" time="0.008">
    </testcase>
  </testsuite>
  <testsuite name="RadioField" errors="0" failures="0" skipped="0" timestamp="2025-01-16T20:34:19" time="0.408" tests="4">
    <testcase classname="RadioField renders in an unchecked state" name="RadioField renders in an unchecked state" time="0.039">
    </testcase>
    <testcase classname="RadioField renders in a checked state" name="RadioField renders in a checked state" time="0.003">
    </testcase>
    <testcase classname="RadioField has no accessibility violations unchecked" name="RadioField has no accessibility violations unchecked" time="0.056">
    </testcase>
    <testcase classname="RadioField has no accessibility violations checked" name="RadioField has no accessibility violations checked" time="0.041">
    </testcase>
  </testsuite>
  <testsuite name="TextButtonField" errors="0" failures="0" skipped="0" timestamp="2025-01-16T20:34:19" time="0.431" tests="6">
    <testcase classname="TextButtonField renders the Text field with a button" name="TextButtonField renders the Text field with a button" time="0.024">
    </testcase>
    <testcase classname="TextButtonField renders the Text field with some text" name="TextButtonField renders the Text field with some text" time="0.01">
    </testcase>
    <testcase classname="TextButtonField renders secondary button" name="TextButtonField renders secondary button" time="0.01">
    </testcase>
    <testcase classname="TextButtonField renders disabled button" name="TextButtonField renders disabled button" time="0.022">
    </testcase>
    <testcase classname="TextButtonField renders custom button" name="TextButtonField renders custom button" time="0.01">
    </testcase>
    <testcase classname="TextButtonField has no a11y violations" name="TextButtonField has no a11y violations" time="0.066">
    </testcase>
  </testsuite>
  <testsuite name="ImageVerticalLineContent" errors="0" failures="0" skipped="0" timestamp="2025-01-16T20:34:19" time="0.642" tests="2">
    <testcase classname="ImageVerticalLineContent renders ImageVerticalLineContent component with default props" name="ImageVerticalLineContent renders ImageVerticalLineContent component with default props" time="0.1">
    </testcase>
    <testcase classname="ImageVerticalLineContent renders ImageVerticalLineContent with Collapse" name="ImageVerticalLineContent renders ImageVerticalLineContent with Collapse" time="0.203">
    </testcase>
  </testsuite>
  <testsuite name="Image" errors="0" failures="0" skipped="0" timestamp="2025-01-16T20:34:19" time="0.406" tests="4">
    <testcase classname="Image renders default image" name="Image renders default image" time="0.037">
    </testcase>
    <testcase classname="Image renders mobile image" name="Image renders mobile image" time="0.025">
    </testcase>
    <testcase classname="Image renders default image with rounded corner" name="Image renders default image with rounded corner" time="0.041">
    </testcase>
    <testcase classname="Image renders mobile image with rounded" name="Image renders mobile image with rounded" time="0.051">
    </testcase>
  </testsuite>
  <testsuite name="ExploreProjects" errors="0" failures="0" skipped="0" timestamp="2025-01-16T20:34:19" time="0.631" tests="3">
    <testcase classname="ExploreProjects renders component title and card titles with default props" name="ExploreProjects renders component title and card titles with default props" time="0.207">
    </testcase>
    <testcase classname="ExploreProjects renders card images with default props" name="ExploreProjects renders card images with default props" time="0.014">
    </testcase>
    <testcase classname="ExploreProjects renders card descriptions with default props" name="ExploreProjects renders card descriptions with default props" time="0.011">
    </testcase>
  </testsuite>
  <testsuite name="Filter Experiments" errors="0" failures="0" skipped="0" timestamp="2025-01-16T20:34:20" time="0.424" tests="3">
    <testcase classname="Filter Experiments renders radio buttons and label correctly" name="Filter Experiments renders radio buttons and label correctly" time="0.022">
    </testcase>
    <testcase classname="Filter Experiments calls onChange callback correctly" name="Filter Experiments calls onChange callback correctly" time="0.011">
    </testcase>
    <testcase classname="Filter Experiments has no a11y violations" name="Filter Experiments has no a11y violations" time="0.136">
    </testcase>
  </testsuite>
  <testsuite name="ErrorBox" errors="0" failures="0" skipped="0" timestamp="2025-01-16T20:34:20" time="0.443" tests="3">
    <testcase classname="ErrorBox renders component correctly" name="ErrorBox renders component correctly" time="0.011">
    </testcase>
    <testcase classname="ErrorBox fires event when an error is selected" name="ErrorBox fires event when an error is selected" time="0.006">
    </testcase>
    <testcase classname="ErrorBox has no accessibility violations" name="ErrorBox has no accessibility violations" time="0.127">
    </testcase>
  </testsuite>
  <testsuite name="ImageWithCollapse" errors="0" failures="0" skipped="0" timestamp="2025-01-16T20:34:20" time="0.567" tests="2">
    <testcase classname="ImageWithCollapse renders ImageWithCollapse component with default props" name="ImageWithCollapse renders ImageWithCollapse component with default props" time="0.149">
    </testcase>
    <testcase classname="ImageWithCollapse on click renders Collapse component with default props" name="ImageWithCollapse on click renders Collapse component with default props" time="0.106">
    </testcase>
  </testsuite>
  <testsuite name="FeedbackWidget tests" errors="0" failures="0" skipped="0" timestamp="2025-01-16T20:34:20" time="1.021" tests="4">
    <testcase classname="FeedbackWidget tests renders FeedbackWidget in its primary state" name="FeedbackWidget tests renders FeedbackWidget in its primary state" time="0.054">
    </testcase>
    <testcase classname="FeedbackWidget tests no accessibility issues for form" name="FeedbackWidget tests no accessibility issues for form" time="0.168">
    </testcase>
    <testcase classname="FeedbackWidget tests no accessibility issues for thank you message" name="FeedbackWidget tests no accessibility issues for thank you message" time="0.264">
    </testcase>
    <testcase classname="FeedbackWidget tests has no a11y violations" name="FeedbackWidget tests has no a11y violations" time="0.161">
    </testcase>
  </testsuite>
  <testsuite name="Card tests" errors="0" failures="0" skipped="0" timestamp="2025-01-16T20:34:21" time="0.356" tests="3">
    <testcase classname="Card tests renders Card in its primary state" name="Card tests renders Card in its primary state" time="0.007">
    </testcase>
    <testcase classname="Card tests renders Card with tag" name="Card tests renders Card with tag" time="0.01">
    </testcase>
    <testcase classname="Card tests has no a11y violations" name="Card tests has no a11y violations" time="0.068">
    </testcase>
  </testsuite>
  <testsuite name="TopNavBar" errors="0" failures="0" skipped="0" timestamp="2025-01-16T20:34:21" time="0.375" tests="3">
    <testcase classname="TopNavBar renders the TopNavBar with expected props on desktop" name="TopNavBar renders the TopNavBar with expected props on desktop" time="0.01">
    </testcase>
    <testcase classname="TopNavBar renders the TopNavBar with expected props on mobile" name="TopNavBar renders the TopNavBar with expected props on mobile" time="0.006">
    </testcase>
    <testcase classname="TopNavBar has no a11y violations" name="TopNavBar has no a11y violations" time="0.133">
    </testcase>
  </testsuite>
  <testsuite name="localeUtils" errors="0" failures="0" skipped="0" timestamp="2025-01-16T20:34:21" time="0.135" tests="3">
    <testcase classname="localeUtils getLocalizedContent returns English content when locale is en" name="localeUtils getLocalizedContent returns English content when locale is en" time="0">
    </testcase>
    <testcase classname="localeUtils getLocalizedContent returns French content when locale is fr" name="localeUtils getLocalizedContent returns French content when locale is fr" time="0">
    </testcase>
    <testcase classname="localeUtils formatImageData formats image data correctly" name="localeUtils formatImageData formats image data correctly" time="0.001">
    </testcase>
  </testsuite>
  <testsuite name="CopyToClipboard" errors="0" failures="0" skipped="0" timestamp="2025-01-16T20:34:21" time="0.379" tests="2">
    <testcase classname="CopyToClipboard renders component correctly" name="CopyToClipboard renders component correctly" time="0.016">
    </testcase>
    <testcase classname="CopyToClipboard has no accessibility violations" name="CopyToClipboard has no accessibility violations" time="0.065">
    </testcase>
  </testsuite>
  <testsuite name="ContextualAlert" errors="0" failures="0" skipped="0" timestamp="2025-01-16T20:34:21" time="0.528" tests="5">
    <testcase classname="ContextualAlert renders alert image" name="ContextualAlert renders alert image" time="0.024">
    </testcase>
    <testcase classname="ContextualAlert has no a11y Success" name="ContextualAlert has no a11y Success" time="0.06">
    </testcase>
    <testcase classname="ContextualAlert has no a11y Warnsing" name="ContextualAlert has no a11y Warnsing" time="0.063">
    </testcase>
    <testcase classname="ContextualAlert has no a11y Danger" name="ContextualAlert has no a11y Danger" time="0.055">
    </testcase>
    <testcase classname="ContextualAlert has no a11y Info" name="ContextualAlert has no a11y Info" time="0.04">
    </testcase>
  </testsuite>
  <testsuite name="TextField" errors="0" failures="0" skipped="0" timestamp="2025-01-16T20:34:21" time="0.36" tests="2">
    <testcase classname="TextField renders multi text field in primary state" name="TextField renders multi text field in primary state" time="0.009">
    </testcase>
    <testcase classname="TextField no accessibility violations" name="TextField no accessibility violations" time="0.054">
    </testcase>
  </testsuite>
  <testsuite name="ExploreUpdates" errors="0" failures="0" skipped="0" timestamp="2025-01-16T20:34:21" time="0.423" tests="1">
    <testcase classname="ExploreUpdates renders properly with default props" name="ExploreUpdates renders properly with default props" time="0.163">
    </testcase>
  </testsuite>
  <testsuite name="PhaseBanner tests" errors="0" failures="0" skipped="0" timestamp="2025-01-16T20:34:21" time="0.531" tests="2">
    <testcase classname="PhaseBanner tests renders PhaseBanner in its primary state" name="PhaseBanner tests renders PhaseBanner in its primary state" time="0.011">
    </testcase>
    <testcase classname="PhaseBanner tests renders PhaseBanner with the feedback" name="PhaseBanner tests renders PhaseBanner with the feedback" time="0.091">
    </testcase>
  </testsuite>
  <testsuite name="Details" errors="0" failures="0" skipped="0" timestamp="2025-01-16T20:34:22" time="0.308" tests="2">
    <testcase classname="Details opens and shows content" name="Details opens and shows content" time="0.006">
    </testcase>
    <testcase classname="Details has no accessibility violations" name="Details has no accessibility violations" time="0.046">
    </testcase>
  </testsuite>
  <testsuite name="Menu" errors="0" failures="0" skipped="0" timestamp="2025-01-16T20:34:22" time="0.409" tests="3">
    <testcase classname="Menu renders the menu" name="Menu renders the menu" time="0.008">
    </testcase>
    <testcase classname="Menu toggles aria-expanded attribute when clicked" name="Menu toggles aria-expanded attribute when clicked" time="0.007">
    </testcase>
    <testcase classname="Menu has no a11y violations" name="Menu has no a11y violations" time="0.101">
    </testcase>
  </testsuite>
  <testsuite name="validation middleware tests" errors="0" failures="0" skipped="0" timestamp="2025-01-16T20:34:22" time="0.253" tests="1">
    <testcase classname="validation middleware tests returns error object if body is not valid" name="validation middleware tests returns error object if body is not valid" time="0.005">
    </testcase>
  </testsuite>
  <testsuite name="Footer" errors="0" failures="0" skipped="0" timestamp="2025-01-16T20:34:22" time="0.8" tests="1">
    <testcase classname="Footer renders Footer component with default props" name="Footer renders Footer component with default props" time="0.494">
    </testcase>
  </testsuite>
  <testsuite name="BreadCrumb" errors="0" failures="0" skipped="0" timestamp="2025-01-16T20:34:22" time="0.391" tests="3">
    <testcase classname="BreadCrumb renders primary" name="BreadCrumb renders primary" time="0.004">
    </testcase>
    <testcase classname="BreadCrumb renders breadcrumb with items" name="BreadCrumb renders breadcrumb with items" time="0.04">
    </testcase>
    <testcase classname="BreadCrumb has no a11y violations" name="BreadCrumb has no a11y violations" time="0.088">
    </testcase>
  </testsuite>
  <testsuite name="Heading" errors="0" failures="0" skipped="0" timestamp="2025-01-16T20:34:22" time="0.343" tests="3">
    <testcase classname="Heading renders default" name="Heading renders default" time="0.005">
    </testcase>
    <testcase classname="Heading renders with from link" name="Heading renders with from link" time="0.003">
    </testcase>
    <testcase classname="Heading has no a11y violations" name="Heading has no a11y violations" time="0.059">
    </testcase>
  </testsuite>
  <testsuite name="SelectField" errors="0" failures="0" skipped="0" timestamp="2025-01-16T20:34:22" time="0.371" tests="2">
    <testcase classname="SelectField renders field" name="SelectField renders field" time="0.033">
    </testcase>
    <testcase classname="SelectField has no accessibility violations" name="SelectField has no accessibility violations" time="0.053">
    </testcase>
  </testsuite>
  <testsuite name="Button" errors="0" failures="0" skipped="0" timestamp="2025-01-16T20:34:23" time="0.35" tests="2">
    <testcase classname="Button renders Button component with Primary props" name="Button renders Button component with Primary props" time="0.044">
    </testcase>
    <testcase classname="Button renders Button component with Secondary props" name="Button renders Button component with Secondary props" time="0.028">
    </testcase>
  </testsuite>
  <testsuite name="QuoteVerticalLineContent" errors="0" failures="0" skipped="0" timestamp="2025-01-16T20:34:23" time="0.374" tests="1">
    <testcase classname="QuoteVerticalLineContent renders QuoteVerticalLineContent component with default props" name="QuoteVerticalLineContent renders QuoteVerticalLineContent component with default props" time="0.065">
    </testcase>
  </testsuite>
  <testsuite name="ProjectInfo tests" errors="0" failures="0" skipped="0" timestamp="2025-01-16T20:34:23" time="0.598" tests="2">
    <testcase classname="ProjectInfo tests renders ProjectInfo in its primary state" name="ProjectInfo tests renders ProjectInfo in its primary state" time="0.027">
    </testcase>
    <testcase classname="ProjectInfo tests has no a11y violations" name="ProjectInfo tests has no a11y violations" time="0.083">
    </testcase>
  </testsuite>
  <testsuite name="robots api" errors="0" failures="0" skipped="0" timestamp="2025-01-16T20:34:23" time="0.155" tests="2">
    <testcase classname="robots api renders the development robots.txt" name="robots api renders the development robots.txt" time="0.001">
    </testcase>
    <testcase classname="robots api renders the production robots.txt" name="robots api renders the production robots.txt" time="0">
    </testcase>
  </testsuite>
  <testsuite name="Home" errors="0" failures="0" skipped="0" timestamp="2025-01-16T20:34:23" time="0.659" tests="1">
    <testcase classname="Home renders without crashing" name="Home renders without crashing" time="0.124">
    </testcase>
  </testsuite>
  <testsuite name="Banner tests" errors="0" failures="0" skipped="0" timestamp="2025-01-16T20:34:23" time="0.244" tests="2">
    <testcase classname="Banner tests renders Banner in its primary state" name="Banner tests renders Banner in its primary state" time="0.006">
    </testcase>
    <testcase classname="Banner tests has no a11y violations" name="Banner tests has no a11y violations" time="0.042">
    </testcase>
  </testsuite>
  <testsuite name="validation" errors="0" failures="0" skipped="0" timestamp="2025-01-16T20:34:24" time="0.104" tests="2">
    <testcase classname="validation validateRequiredFields throws error for missing fields" name="validation validateRequiredFields throws error for missing fields" time="0.006">
    </testcase>
    <testcase classname="validation fragmentValidators validates SCLabs-Feature-v1 correctly" name="validation fragmentValidators validates SCLabs-Feature-v1 correctly" time="0.001">
    </testcase>
  </testsuite>
  <testsuite name="Alert tests" errors="0" failures="0" skipped="0" timestamp="2025-01-16T20:34:24" time="0.294" tests="2">
    <testcase classname="Alert tests renders TableOfContents in its primary state" name="Alert tests renders TableOfContents in its primary state" time="0.007">
    </testcase>
    <testcase classname="Alert tests has no a11y violations" name="Alert tests has no a11y violations" time="0.055">
    </testcase>
  </testsuite>
  <testsuite name="CTA" errors="0" failures="0" skipped="0" timestamp="2025-01-16T20:34:24" time="0.406" tests="3">
    <testcase classname="CTA renders and formats the date properly" name="CTA renders and formats the date properly" time="0.017">
    </testcase>
    <testcase classname="CTA renders and formats the date properly" name="CTA renders and formats the date properly" time="0.003">
    </testcase>
    <testcase classname="CTA has no a11y violations" name="CTA has no a11y violations" time="0.095">
    </testcase>
  </testsuite>
  <testsuite name="BasicTextWithImage" errors="0" failures="0" skipped="0" timestamp="2025-01-16T20:34:24" time="0.401" tests="1">
    <testcase classname="BasicTextWithImage renders BasicTextWithImage component with default props" name="BasicTextWithImage renders BasicTextWithImage component with default props" time="0.109">
    </testcase>
  </testsuite>
  <testsuite name="DateModified" errors="0" failures="0" skipped="0" timestamp="2025-01-16T20:34:24" time="0.426" tests="3">
    <testcase classname="DateModified renders and formats the date properly" name="DateModified renders and formats the date properly" time="0.012">
    </testcase>
    <testcase classname="DateModified renders &apos;NA&apos; as date if date is undefined" name="DateModified renders &apos;NA&apos; as date if date is undefined" time="0.002">
    </testcase>
    <testcase classname="DateModified has no a11y violations" name="DateModified has no a11y violations" time="0.089">
    </testcase>
  </testsuite>
  <testsuite name="Alert tests" errors="0" failures="0" skipped="0" timestamp="2025-01-16T20:34:24" time="0.602" tests="2">
    <testcase classname="Alert tests renders Alert in its primary state" name="Alert tests renders Alert in its primary state" time="0.036">
    </testcase>
    <testcase classname="Alert tests has no a11y violations" name="Alert tests has no a11y violations" time="0.255">
    </testcase>
  </testsuite>
  <testsuite name="Quote" errors="0" failures="0" skipped="0" timestamp="2025-01-16T20:34:24" time="0.371" tests="2">
    <testcase classname="Quote renders the quote with some text" name="Quote renders the quote with some text" time="0.006">
    </testcase>
    <testcase classname="Quote has no a11y violations" name="Quote has no a11y violations" time="0.064">
    </testcase>
  </testsuite>
  <testsuite name="List" errors="0" failures="0" skipped="0" timestamp="2025-01-16T20:34:24" time="0.43" tests="2">
    <testcase classname="List renders the list with some items" name="List renders the list with some items" time="0.01">
    </testcase>
    <testcase classname="List has no a11y violations" name="List has no a11y violations" time="0.148">
    </testcase>
  </testsuite>
  <testsuite name="Action Button" errors="0" failures="0" skipped="0" timestamp="2025-01-16T20:34:24" time="0.444" tests="2">
    <testcase classname="Action Button renders primary" name="Action Button renders primary" time="0.01">
    </testcase>
    <testcase classname="Action Button has no a11y violations" name="Action Button has no a11y violations" time="0.114">
    </testcase>
  </testsuite>
  <testsuite name="TextContent" errors="0" failures="0" skipped="0" timestamp="2025-01-16T20:34:25" time="0.264" tests="1">
    <testcase classname="TextContent renders TextContent component with default props" name="TextContent renders TextContent component with default props" time="0.038">
    </testcase>
  </testsuite>
  <testsuite name="ErrorLabel" errors="0" failures="0" skipped="0" timestamp="2025-01-16T20:34:25" time="0.3" tests="2">
    <testcase classname="ErrorLabel renders text correctly on the page" name="ErrorLabel renders text correctly on the page" time="0.005">
    </testcase>
    <testcase classname="ErrorLabel has no accessibility violations" name="ErrorLabel has no accessibility violations" time="0.039">
    </testcase>
  </testsuite>
  <testsuite name="SurveyCTA" errors="0" failures="0" skipped="0" timestamp="2025-01-16T20:34:25" time="0.359" tests="2">
    <testcase classname="SurveyCTA renders without errors" name="SurveyCTA renders without errors" time="0.021">
    </testcase>
    <testcase classname="SurveyCTA has no a11y violations" name="SurveyCTA has no a11y violations" time="0.072">
    </testcase>
  </testsuite>
  <testsuite name="ArticleCTA" errors="0" failures="0" skipped="0" timestamp="2025-01-16T20:34:25" time="0.429" tests="1">
    <testcase classname="ArticleCTA renders ArticleCTA component with default props" name="ArticleCTA renders ArticleCTA component with default props" time="0.142">
    </testcase>
  </testsuite>
  <testsuite name="HelpIcon" errors="0" failures="0" skipped="0" timestamp="2025-01-16T20:34:25" time="0.473" tests="1">
    <testcase classname="HelpIcon renders HelpIcon without accessibility violations" name="HelpIcon renders HelpIcon without accessibility violations" time="0.047">
    </testcase>
  </testsuite>
  <testsuite name="Browser not supported page" errors="0" failures="0" skipped="0" timestamp="2025-01-16T20:34:25" time="0.39" tests="1">
    <testcase classname="Browser not supported page renders without crashing" name="Browser not supported page renders without crashing" time="0.026">
    </testcase>
  </testsuite>
  <testsuite name="404" errors="0" failures="0" skipped="0" timestamp="2025-01-16T20:34:26" time="0.352" tests="1">
    <testcase classname="404 renders without crashing" name="404 renders without crashing" time="0.032">
    </testcase>
  </testsuite>
  <testsuite name="App" errors="0" failures="0" skipped="0" timestamp="2025-01-16T20:34:26" time="0.274" tests="1">
    <testcase classname="App renders without crashing" name="App renders without crashing" time="0.027">
    </testcase>
  </testsuite>
  <testsuite name="500" errors="0" failures="0" skipped="0" timestamp="2025-01-16T20:34:26" time="0.439" tests="1">
    <testcase classname="500 renders without crashing" name="500 renders without crashing" time="0.045">
    </testcase>
  </testsuite>
  <testsuite name="strip feedback" errors="0" failures="0" skipped="0" timestamp="2025-01-16T20:34:26" time="0.083" tests="1">
    <testcase classname="strip feedback strips personal identifier information from a provided string" name="strip feedback strips personal identifier information from a provided string" time="0.002">
    </testcase>
  </testsuite>
  <testsuite name="mask email" errors="0" failures="0" skipped="0" timestamp="2025-01-16T20:34:26" time="0.099" tests="1">
    <testcase classname="mask email masks an email address" name="mask email masks an email address" time="0.001">
    </testcase>
  </testsuite>
</testsuites>